{"level":"info","message":"Starting: Thu Feb 02 2017 16:49:23 GMT-0800 (PST)","timestamp":"2017-02-02 16:49:23 -08:00"}
{"level":"info","message":"*** Gulp Heartbeat ***","timestamp":"2017-02-02 16:49:23 -08:00"}
{"level":"info","message":"Starting: Thu Feb 02 2017 16:51:18 GMT-0800 (PST)","timestamp":"2017-02-02 16:51:18 -08:00"}
{"level":"info","message":"==> ./TODO.md Created Successfully","timestamp":"2017-02-02 16:51:18 -08:00"}
{"level":"info","message":"Starting: Thu Feb 02 2017 16:53:15 GMT-0800 (PST)","timestamp":"2017-02-02 16:53:15 -08:00"}
{"level":"info","message":"✓ ./TODO.md Created Successfully","timestamp":"2017-02-02 16:53:15 -08:00"}
{"level":"info","message":"Starting: Thu Feb 02 2017 16:57:52 GMT-0800 (PST)","timestamp":"2017-02-02 16:57:52 -08:00"}
{"level":"info","message":"✓ ./TODO.md Created Successfully","timestamp":"2017-02-02 16:57:52 -08:00"}
{"level":"info","message":"Starting: Thu Feb 02 2017 16:58:33 GMT-0800 (PST)","timestamp":"2017-02-02 16:58:33 -08:00"}
{"level":"info","message":"Starting: Thu Feb 02 2017 16:58:43 GMT-0800 (PST)","timestamp":"2017-02-02 16:58:43 -08:00"}
{"level":"info","message":"✓ ./TODO.md Created Successfully","timestamp":"2017-02-02 16:58:43 -08:00"}
{"level":"info","message":"Starting: Thu Feb 02 2017 17:07:31 GMT-0800 (PST)","timestamp":"2017-02-02 17:07:31 -08:00"}
{"level":"info","message":"Starting: Thu Feb 02 2017 17:07:44 GMT-0800 (PST)","timestamp":"2017-02-02 17:07:44 -08:00"}
{"level":"info","message":"Starting: Thu Feb 02 2017 17:07:55 GMT-0800 (PST)","timestamp":"2017-02-02 17:07:55 -08:00"}
{"level":"info","message":"Starting: Thu Feb 02 2017 17:08:19 GMT-0800 (PST)","timestamp":"2017-02-02 17:08:19 -08:00"}
{"level":"info","message":"Starting: Thu Feb 02 2017 17:11:52 GMT-0800 (PST)","timestamp":"2017-02-02 17:11:52 -08:00"}
{"level":"info","message":"Starting: Thu Feb 02 2017 17:12:16 GMT-0800 (PST)","timestamp":"2017-02-02 17:12:16 -08:00"}
{"level":"info","message":"Starting: Thu Feb 02 2017 17:12:58 GMT-0800 (PST)","timestamp":"2017-02-02 17:12:58 -08:00"}
{"level":"info","message":"Starting: Thu Feb 02 2017 17:13:07 GMT-0800 (PST)","timestamp":"2017-02-02 17:13:07 -08:00"}
{"level":"info","message":"Starting: Thu Feb 02 2017 17:13:39 GMT-0800 (PST)","timestamp":"2017-02-02 17:13:39 -08:00"}
{"level":"info","message":"Starting: Thu Feb 02 2017 17:14:07 GMT-0800 (PST)","timestamp":"2017-02-02 17:14:07 -08:00"}
{"level":"info","message":"Starting: Thu Feb 02 2017 17:14:33 GMT-0800 (PST)","timestamp":"2017-02-02 17:14:33 -08:00"}
{"level":"info","message":"Starting: Thu Feb 02 2017 17:14:57 GMT-0800 (PST)","timestamp":"2017-02-02 17:14:57 -08:00"}
{"level":"info","message":"Starting: Thu Feb 02 2017 17:19:16 GMT-0800 (PST)","timestamp":"2017-02-02 17:19:16 -08:00"}
{"level":"info","message":"Starting: Thu Feb 02 2017 17:20:12 GMT-0800 (PST)","timestamp":"2017-02-02 17:20:12 -08:00"}
{"level":"info","message":"Starting: Thu Feb 02 2017 17:20:35 GMT-0800 (PST)","timestamp":"2017-02-02 17:20:35 -08:00"}
{"level":"info","message":"Starting: Thu Feb 02 2017 17:20:56 GMT-0800 (PST)","timestamp":"2017-02-02 17:20:56 -08:00"}
{"level":"info","message":"Starting: Thu Feb 02 2017 17:22:33 GMT-0800 (PST)","timestamp":"2017-02-02 17:22:33 -08:00"}
{"level":"info","message":"Starting: Thu Feb 02 2017 17:22:52 GMT-0800 (PST)","timestamp":"2017-02-02 17:22:52 -08:00"}
{"level":"info","message":"Starting: Thu Feb 02 2017 17:23:02 GMT-0800 (PST)","timestamp":"2017-02-02 17:23:02 -08:00"}
{"level":"info","message":"Starting: Thu Feb 02 2017 17:23:15 GMT-0800 (PST)","timestamp":"2017-02-02 17:23:15 -08:00"}
{"level":"info","message":"Starting: Thu Feb 02 2017 17:23:29 GMT-0800 (PST)","timestamp":"2017-02-02 17:23:29 -08:00"}
{"level":"info","message":"Starting: Thu Feb 02 2017 17:23:39 GMT-0800 (PST)","timestamp":"2017-02-02 17:23:39 -08:00"}
{"level":"info","message":"Starting: Thu Feb 02 2017 17:23:45 GMT-0800 (PST)","timestamp":"2017-02-02 17:23:45 -08:00"}
{"level":"info","message":"Starting: Thu Feb 02 2017 17:23:58 GMT-0800 (PST)","timestamp":"2017-02-02 17:23:58 -08:00"}
{"level":"info","message":"Starting: Thu Feb 02 2017 17:27:26 GMT-0800 (PST)","timestamp":"2017-02-02 17:27:26 -08:00"}
{"level":"info","message":"==> Watching Script Files (./tasks/**/*.js,./src/**/*.js,gulpfile.js,!node_modules/**)","timestamp":"2017-02-02 17:27:27 -08:00"}
{"level":"info","message":"Starting: Thu Feb 02 2017 17:27:41 GMT-0800 (PST)","timestamp":"2017-02-02 17:27:41 -08:00"}
{"level":"info","message":"==> Watching Script Files (./tasks/**/*.js,./src/**/*.js,gulpfile.js,!node_modules/**)","timestamp":"2017-02-02 17:27:41 -08:00"}
{"level":"info","message":"Starting: Thu Feb 02 2017 17:31:57 GMT-0800 (PST)","timestamp":"2017-02-02 17:31:57 -08:00"}
{"level":"info","message":"Starting: Thu Feb 02 2017 17:32:34 GMT-0800 (PST)","timestamp":"2017-02-02 17:32:34 -08:00"}
{"level":"info","message":"==> Script Processing... [gulpfile.js] ","timestamp":"2017-02-02 17:32:35 -08:00"}
{"level":"info","message":"Starting: Thu Feb 02 2017 17:32:49 GMT-0800 (PST)","timestamp":"2017-02-02 17:32:49 -08:00"}
{"level":"info","message":"==> Script Processing Here ... [gulpfile.js] ","timestamp":"2017-02-02 17:32:49 -08:00"}
{"level":"info","message":"Starting: Thu Feb 02 2017 17:33:26 GMT-0800 (PST)","timestamp":"2017-02-02 17:33:26 -08:00"}
{"level":"info","message":"==> Script Processing Here ... [gulpfile.js] ","timestamp":"2017-02-02 17:33:26 -08:00"}
{"level":"info","message":"Starting: Thu Feb 02 2017 17:33:45 GMT-0800 (PST)","timestamp":"2017-02-02 17:33:45 -08:00"}
{"level":"info","message":"==> Watching Script Files (./tasks/**/*.js,./src/**/*.js,gulpfile.js,!node_modules/**)","timestamp":"2017-02-02 17:33:46 -08:00"}
{"level":"info","message":"==> Watching Script Files (./tasks/**/*.js,./src/**/*.js,gulpfile.js,!node_modules/**)","timestamp":"2017-02-02 17:33:47 -08:00"}
{"level":"info","message":"==> Script Processing Here ... [gulpfile.js] ","timestamp":"2017-02-02 17:33:48 -08:00"}
{"level":"info","message":"==> Script Processing Here ... [gulpfile.js] ","timestamp":"2017-02-02 17:34:19 -08:00"}
{"level":"info","message":"Starting: Thu Feb 02 2017 17:34:46 GMT-0800 (PST)","timestamp":"2017-02-02 17:34:46 -08:00"}
{"level":"info","message":"==> Script Processing Here ... [gulpfile.js] ","timestamp":"2017-02-02 17:34:47 -08:00"}
{"level":"info","message":"Starting: Thu Feb 02 2017 17:34:53 GMT-0800 (PST)","timestamp":"2017-02-02 17:34:53 -08:00"}
{"level":"info","message":"==> Watching Script Files (./tasks/**/*.js,./src/**/*.js,gulpfile.js,!node_modules/**)","timestamp":"2017-02-02 17:34:54 -08:00"}
{"level":"info","message":"==> Watching Lint Files (./tasks/**/*.js,./src/**/*.js,gulpfile.js,!node_modules/**)","timestamp":"2017-02-02 17:34:55 -08:00"}
{"level":"info","message":"==> Script Processing Here ... [gulpfile.js] ","timestamp":"2017-02-02 17:34:57 -08:00"}
{"level":"info","message":"==> Script Processing Here ... [gulpfile.js] ","timestamp":"2017-02-02 17:34:59 -08:00"}
{"level":"info","message":"Starting: Thu Feb 02 2017 17:35:13 GMT-0800 (PST)","timestamp":"2017-02-02 17:35:13 -08:00"}
{"level":"info","message":"==> Watching Script Files (./tasks/**/*.js,./src/**/*.js,gulpfile.js,!node_modules/**)","timestamp":"2017-02-02 17:35:14 -08:00"}
{"level":"info","message":"==> Watching Lint Files (./tasks/**/*.js,./src/**/*.js,gulpfile.js,!node_modules/**)","timestamp":"2017-02-02 17:35:15 -08:00"}
{"level":"warn","message":"==> Script Processing Here ... [gulpfile.js] ","timestamp":"2017-02-02 17:35:16 -08:00"}
{"level":"warn","message":"==> Script Processing Here ... [gulpfile.js] ","timestamp":"2017-02-02 17:36:00 -08:00"}
{"level":"warn","message":"==> Script Processing Here ... [gulpfile.js] ","timestamp":"2017-02-02 17:36:00 -08:00"}
{"level":"warn","message":"==> Script Processing Here ... [gulpfile.js] ","timestamp":"2017-02-02 17:36:30 -08:00"}
{"level":"info","message":"Starting: Thu Feb 02 2017 17:36:47 GMT-0800 (PST)","timestamp":"2017-02-02 17:36:47 -08:00"}
{"level":"warn","message":"♺ Script Processing Here ... [gulpfile.js] ","timestamp":"2017-02-02 17:36:48 -08:00"}
{"level":"info","message":"Starting: Thu Feb 02 2017 17:36:57 GMT-0800 (PST)","timestamp":"2017-02-02 17:36:57 -08:00"}
{"level":"warn","message":"♺  Script Processing Here ... [gulpfile.js] ","timestamp":"2017-02-02 17:36:57 -08:00"}
{"level":"info","message":"Starting: Thu Feb 02 2017 17:37:05 GMT-0800 (PST)","timestamp":"2017-02-02 17:37:05 -08:00"}
{"level":"warn","message":"♺  Script Processing Here ... [gulpfile.js] ","timestamp":"2017-02-02 17:37:05 -08:00"}
{"level":"info","message":"Starting: Sat Feb 04 2017 08:05:11 GMT-0800 (PST)","timestamp":"2017-02-04 08:05:11 -08:00"}
{"level":"info","message":"Starting: Sat Feb 04 2017 08:05:38 GMT-0800 (PST)","timestamp":"2017-02-04 08:05:38 -08:00"}
{"level":"info","message":"Starting: Sat Feb 04 2017 08:06:52 GMT-0800 (PST)","timestamp":"2017-02-04 08:06:52 -08:00"}
{"level":"info","message":"Starting: Sat Feb 04 2017 08:07:07 GMT-0800 (PST)","timestamp":"2017-02-04 08:07:07 -08:00"}
{"level":"info","message":"Starting: Sat Feb 04 2017 08:07:21 GMT-0800 (PST)","timestamp":"2017-02-04 08:07:21 -08:00"}
{"level":"info","message":"Starting: Sat Feb 04 2017 08:07:28 GMT-0800 (PST)","timestamp":"2017-02-04 08:07:28 -08:00"}
{"level":"info","message":"Starting: Sat Feb 04 2017 08:08:13 GMT-0800 (PST)","timestamp":"2017-02-04 08:08:13 -08:00"}
{"level":"info","message":"Starting: Sat Feb 04 2017 08:08:27 GMT-0800 (PST)","timestamp":"2017-02-04 08:08:27 -08:00"}
{"level":"info","message":"Starting: Sat Feb 04 2017 08:12:07 GMT-0800 (PST)","timestamp":"2017-02-04 08:12:07 -08:00"}
{"level":"info","message":"==> Watching Server Files (./**/*.php)","timestamp":"2017-02-04 08:12:07 -08:00"}
{"level":"info","message":"Starting: Sat Feb 04 2017 08:28:41 GMT-0800 (PST)","timestamp":"2017-02-04 08:28:41 -08:00"}
{"level":"info","message":"Starting: Sat Feb 04 2017 08:29:25 GMT-0800 (PST)","timestamp":"2017-02-04 08:29:25 -08:00"}
{"level":"info","message":"Starting: Sat Feb 04 2017 08:29:54 GMT-0800 (PST)","timestamp":"2017-02-04 08:29:54 -08:00"}
{"level":"info","message":"Starting: Sat Feb 04 2017 08:31:22 GMT-0800 (PST)","timestamp":"2017-02-04 08:31:22 -08:00"}
{"level":"info","message":"Starting: Sat Feb 04 2017 08:32:31 GMT-0800 (PST)","timestamp":"2017-02-04 08:32:31 -08:00"}
{"level":"info","message":"==> Watching Server Files (./**/*.php)","timestamp":"2017-02-04 08:32:32 -08:00"}
{"level":"info","message":"Starting: Sat Feb 04 2017 08:33:30 GMT-0800 (PST)","timestamp":"2017-02-04 08:33:30 -08:00"}
{"level":"info","message":"==> Watching Server Files (./**/*.php)","timestamp":"2017-02-04 08:33:31 -08:00"}
{"level":"info","message":"Starting: Sat Feb 04 2017 08:53:54 GMT-0800 (PST)","timestamp":"2017-02-04 08:53:54 -08:00"}
{"level":"info","message":"Starting: Sat Feb 04 2017 08:55:04 GMT-0800 (PST)","timestamp":"2017-02-04 08:55:04 -08:00"}
{"level":"info","message":"==> Watching Server Files (./**/*.php)","timestamp":"2017-02-04 08:55:04 -08:00"}
{"level":"info","message":"Starting: Sat Feb 04 2017 10:59:16 GMT-0800 (PST)","timestamp":"2017-02-04 10:59:16 -08:00"}
{"level":"info","message":"==> Watching Server Files (./**/*.php)","timestamp":"2017-02-04 10:59:17 -08:00"}
{"level":"info","message":"Starting: Sat Feb 04 2017 11:28:29 GMT-0800 (PST)","timestamp":"2017-02-04 11:28:29 -08:00"}
{"level":"info","message":"==> Watching Server Files (./**/*.php)","timestamp":"2017-02-04 11:28:29 -08:00"}
{"level":"info","message":"Starting: Sat Feb 04 2017 13:01:52 GMT-0800 (PST)","timestamp":"2017-02-04 13:01:53 -08:00"}
{"level":"info","message":"==> Watching Server Files (./**/*.php)","timestamp":"2017-02-04 13:01:53 -08:00"}
{"level":"info","message":"Starting: Sat Feb 04 2017 13:04:54 GMT-0800 (PST)","timestamp":"2017-02-04 13:04:54 -08:00"}
{"level":"info","message":"==> Watching Server Files (./**/*.php)","timestamp":"2017-02-04 13:04:55 -08:00"}
{"level":"info","message":"Starting: Sat Feb 04 2017 13:06:25 GMT-0800 (PST)","timestamp":"2017-02-04 13:06:25 -08:00"}
{"level":"info","message":"==> Watching Server Files (./**/*.php)","timestamp":"2017-02-04 13:06:26 -08:00"}
{"level":"info","message":"Starting: Sat Feb 04 2017 15:47:30 GMT-0800 (PST)","timestamp":"2017-02-04 15:47:30 -08:00"}
{"level":"info","message":"==> Watching Server Files (./**/*.php)","timestamp":"2017-02-04 15:47:31 -08:00"}
{"level":"info","message":"Starting: Sat Feb 04 2017 17:08:56 GMT-0800 (PST)","timestamp":"2017-02-04 17:08:56 -08:00"}
{"level":"info","message":"==> Watching Server Files (./**/*.php)","timestamp":"2017-02-04 17:08:57 -08:00"}
{"level":"info","message":"Starting: Sat Feb 04 2017 17:12:47 GMT-0800 (PST)","timestamp":"2017-02-04 17:12:47 -08:00"}
{"level":"info","message":"==> Watching Server Files (./**/*.php)","timestamp":"2017-02-04 17:12:47 -08:00"}
{"level":"info","message":"Starting: Sat Feb 04 2017 17:41:19 GMT-0800 (PST)","timestamp":"2017-02-04 17:41:19 -08:00"}
{"level":"info","message":"==> Watching Server Files (./**/*.php)","timestamp":"2017-02-04 17:41:19 -08:00"}
{"level":"info","message":"Starting: Sat Feb 04 2017 18:39:04 GMT-0800 (PST)","timestamp":"2017-02-04 18:39:04 -08:00"}
{"level":"info","message":"==> Watching Server Files (./**/*.php)","timestamp":"2017-02-04 18:39:05 -08:00"}
{"level":"info","message":"Starting: Sat Feb 04 2017 18:39:53 GMT-0800 (PST)","timestamp":"2017-02-04 18:39:53 -08:00"}
{"level":"info","message":"==> Watching Server API Files (./**/*.php)","timestamp":"2017-02-04 18:39:54 -08:00"}
{"level":"info","message":"Starting: Sat Feb 04 2017 18:44:27 GMT-0800 (PST)","timestamp":"2017-02-04 18:44:27 -08:00"}
{"level":"info","message":"Starting: Sat Feb 04 2017 18:46:10 GMT-0800 (PST)","timestamp":"2017-02-04 18:46:10 -08:00"}
{"level":"info","message":"Starting: Sat Feb 04 2017 18:47:16 GMT-0800 (PST)","timestamp":"2017-02-04 18:47:16 -08:00"}
{"level":"info","message":"Starting: Sat Feb 04 2017 18:47:32 GMT-0800 (PST)","timestamp":"2017-02-04 18:47:32 -08:00"}
{"level":"info","message":"Starting: Sat Feb 04 2017 18:48:25 GMT-0800 (PST)","timestamp":"2017-02-04 18:48:25 -08:00"}
{"level":"info","message":"Starting: Sat Feb 04 2017 18:48:56 GMT-0800 (PST)","timestamp":"2017-02-04 18:48:56 -08:00"}
{"level":"info","message":"Starting: Sat Feb 04 2017 18:49:04 GMT-0800 (PST)","timestamp":"2017-02-04 18:49:04 -08:00"}
{"level":"info","message":"Starting: Sat Feb 04 2017 18:49:20 GMT-0800 (PST)","timestamp":"2017-02-04 18:49:20 -08:00"}
{"level":"info","message":"Starting: Sat Feb 04 2017 18:49:39 GMT-0800 (PST)","timestamp":"2017-02-04 18:49:39 -08:00"}
{"level":"info","message":"==> Watching Server API Files (./**/*.php)","timestamp":"2017-02-04 18:49:39 -08:00"}
{"level":"info","message":"Starting: Sat Feb 04 2017 18:50:57 GMT-0800 (PST)","timestamp":"2017-02-04 18:50:57 -08:00"}
{"level":"info","message":"Starting: Sat Feb 04 2017 18:51:28 GMT-0800 (PST)","timestamp":"2017-02-04 18:51:28 -08:00"}
{"level":"info","message":"Starting: Sat Feb 04 2017 18:51:56 GMT-0800 (PST)","timestamp":"2017-02-04 18:51:56 -08:00"}
{"level":"info","message":"Starting: Sat Feb 04 2017 18:52:18 GMT-0800 (PST)","timestamp":"2017-02-04 18:52:18 -08:00"}
{"level":"info","message":"Starting: Sat Feb 04 2017 19:06:16 GMT-0800 (PST)","timestamp":"2017-02-04 19:06:16 -08:00"}
{"level":"info","message":"Starting: Sat Feb 04 2017 19:07:05 GMT-0800 (PST)","timestamp":"2017-02-04 19:07:05 -08:00"}
{"level":"info","message":"==> Watching Client Files (./src/**/*.js,./specs/**/*.spec.js)","timestamp":"2017-02-04 19:07:05 -08:00"}
{"level":"info","message":"Starting: Sat Feb 04 2017 19:11:58 GMT-0800 (PST)","timestamp":"2017-02-04 19:11:58 -08:00"}
{"level":"info","message":"==> Watching Client Files (./src/**/*.js,./specs/**/*.spec.js)","timestamp":"2017-02-04 19:11:59 -08:00"}
{"level":"info","message":"Starting: Mon Feb 06 2017 10:36:00 GMT-0800 (PST)","timestamp":"2017-02-06 10:36:00 -08:00"}
{"level":"info","message":"==> Watching Server API Files (./**/*.php)","timestamp":"2017-02-06 10:36:01 -08:00"}
{"level":"info","message":"Starting: Mon Feb 06 2017 13:00:42 GMT-0800 (PST)","timestamp":"2017-02-06 13:00:42 -08:00"}
{"level":"info","message":"Starting: Mon Feb 06 2017 13:00:54 GMT-0800 (PST)","timestamp":"2017-02-06 13:00:54 -08:00"}
{"level":"info","message":"Starting: Mon Feb 06 2017 13:01:28 GMT-0800 (PST)","timestamp":"2017-02-06 13:01:28 -08:00"}
{"level":"info","message":"Starting: Mon Feb 06 2017 13:02:12 GMT-0800 (PST)","timestamp":"2017-02-06 13:02:12 -08:00"}
{"level":"info","message":"Starting: Mon Feb 06 2017 13:02:32 GMT-0800 (PST)","timestamp":"2017-02-06 13:02:32 -08:00"}
{"level":"info","message":"Starting: Mon Feb 06 2017 13:03:03 GMT-0800 (PST)","timestamp":"2017-02-06 13:03:03 -08:00"}
{"level":"info","message":"Starting: Mon Feb 06 2017 13:03:30 GMT-0800 (PST)","timestamp":"2017-02-06 13:03:30 -08:00"}
{"level":"info","message":"Starting: Mon Feb 06 2017 13:07:08 GMT-0800 (PST)","timestamp":"2017-02-06 13:07:08 -08:00"}
{"level":"info","message":"Starting: Mon Feb 06 2017 13:07:24 GMT-0800 (PST)","timestamp":"2017-02-06 13:07:24 -08:00"}
{"level":"info","message":"Starting: Mon Feb 06 2017 13:08:19 GMT-0800 (PST)","timestamp":"2017-02-06 13:08:19 -08:00"}
{"level":"info","message":"Starting: Mon Feb 06 2017 13:08:38 GMT-0800 (PST)","timestamp":"2017-02-06 13:08:38 -08:00"}
{"level":"info","message":"Starting: Mon Feb 06 2017 13:09:32 GMT-0800 (PST)","timestamp":"2017-02-06 13:09:32 -08:00"}
{"level":"info","message":"Starting: Mon Feb 06 2017 13:10:20 GMT-0800 (PST)","timestamp":"2017-02-06 13:10:20 -08:00"}
{"level":"info","message":"==> success [app.css] ","timestamp":"2017-02-06 13:10:21 -08:00"}
{"level":"info","message":"Starting: Mon Feb 06 2017 13:11:07 GMT-0800 (PST)","timestamp":"2017-02-06 13:11:07 -08:00"}
{"level":"info","message":"==> success [app.css] ","timestamp":"2017-02-06 13:11:08 -08:00"}
{"level":"info","message":"Starting: Mon Feb 06 2017 13:11:39 GMT-0800 (PST)","timestamp":"2017-02-06 13:11:39 -08:00"}
{"level":"info","message":"/Users/mikee/Documents/Projects/dev/laravel/api-stats/node_modules/cd-core/assets/green.png CSS File Created Successfully [app.css] ","timestamp":"2017-02-06 13:11:40 -08:00"}
{"level":"info","message":"Starting: Mon Feb 06 2017 13:14:52 GMT-0800 (PST)","timestamp":"2017-02-06 13:14:52 -08:00"}
{"level":"info","message":"✓ CSS File Created Successfully [app.css] ","timestamp":"2017-02-06 13:14:53 -08:00"}
{"level":"info","message":"Starting: Mon Feb 06 2017 13:15:21 GMT-0800 (PST)","timestamp":"2017-02-06 13:15:21 -08:00"}
{"level":"info","message":"✓ CSS File Created Successfully [app.css] ","timestamp":"2017-02-06 13:15:21 -08:00"}
{"level":"info","message":"Starting: Mon Feb 06 2017 13:15:34 GMT-0800 (PST)","timestamp":"2017-02-06 13:15:34 -08:00"}
{"level":"info","message":"✓ CSS File Created Successfully [app.css] ","timestamp":"2017-02-06 13:15:35 -08:00"}
{"level":"info","message":"Starting: Mon Feb 06 2017 13:15:45 GMT-0800 (PST)","timestamp":"2017-02-06 13:15:45 -08:00"}
{"level":"info","message":"✓ CSS File Created Successfully [app.css] ","timestamp":"2017-02-06 13:15:46 -08:00"}
{"level":"info","message":"Starting: Mon Feb 06 2017 13:16:05 GMT-0800 (PST)","timestamp":"2017-02-06 13:16:05 -08:00"}
{"level":"info","message":"✓ CSS File Created Successfully [app.css] ","timestamp":"2017-02-06 13:16:06 -08:00"}
{"level":"info","message":"Starting: Mon Feb 06 2017 13:16:19 GMT-0800 (PST)","timestamp":"2017-02-06 13:16:19 -08:00"}
{"level":"info","message":"✓ CSS File Created Successfully [app.css] ","timestamp":"2017-02-06 13:16:20 -08:00"}
{"level":"info","message":"Starting: Mon Feb 06 2017 13:17:40 GMT-0800 (PST)","timestamp":"2017-02-06 13:17:40 -08:00"}
{"level":"info","message":"✓ Script Processing Here ... [gulpfile.js] ","timestamp":"2017-02-06 13:17:40 -08:00"}
{"level":"info","message":"Starting: Mon Feb 06 2017 13:17:54 GMT-0800 (PST)","timestamp":"2017-02-06 13:17:54 -08:00"}
{"level":"info","message":"♺ Script Processing Here ... [gulpfile.js] ","timestamp":"2017-02-06 13:17:54 -08:00"}
{"level":"info","message":"Starting: Mon Feb 06 2017 13:18:04 GMT-0800 (PST)","timestamp":"2017-02-06 13:18:04 -08:00"}
{"level":"info","message":"✘ Script Processing Here ... [gulpfile.js] ","timestamp":"2017-02-06 13:18:04 -08:00"}
{"level":"info","message":"Starting: Mon Feb 06 2017 13:18:17 GMT-0800 (PST)","timestamp":"2017-02-06 13:18:17 -08:00"}
{"level":"info","message":"✘ Script Processing Here ... [gulpfile.js] ","timestamp":"2017-02-06 13:18:17 -08:00"}
{"level":"info","message":"Starting: Mon Feb 06 2017 13:18:27 GMT-0800 (PST)","timestamp":"2017-02-06 13:18:27 -08:00"}
{"level":"error","message":"✘ Script Processing Here ... [gulpfile.js] ","timestamp":"2017-02-06 13:18:27 -08:00"}
{"level":"info","message":"Starting: Mon Feb 06 2017 13:18:32 GMT-0800 (PST)","timestamp":"2017-02-06 13:18:32 -08:00"}
{"level":"warn","message":"✘ Script Processing Here ... [gulpfile.js] ","timestamp":"2017-02-06 13:18:33 -08:00"}
{"level":"info","message":"Starting: Mon Feb 06 2017 13:18:40 GMT-0800 (PST)","timestamp":"2017-02-06 13:18:40 -08:00"}
{"level":"info","message":"Starting: Mon Feb 06 2017 13:18:51 GMT-0800 (PST)","timestamp":"2017-02-06 13:18:51 -08:00"}
{"level":"warn","message":"♺ Script Processing Here ... [gulpfile.js] ","timestamp":"2017-02-06 13:18:51 -08:00"}
{"level":"info","message":"Starting: Mon Feb 06 2017 13:19:01 GMT-0800 (PST)","timestamp":"2017-02-06 13:19:01 -08:00"}
{"level":"warn","message":"✘ Script Processing Here ... [gulpfile.js] ","timestamp":"2017-02-06 13:19:02 -08:00"}
{"level":"info","message":"Starting: Mon Feb 06 2017 13:19:27 GMT-0800 (PST)","timestamp":"2017-02-06 13:19:27 -08:00"}
{"level":"warn","message":"✘ Script Processing Here ... [gulpfile.js] ","timestamp":"2017-02-06 13:19:27 -08:00"}
{"level":"info","message":"Starting: Mon Feb 06 2017 13:19:39 GMT-0800 (PST)","timestamp":"2017-02-06 13:19:39 -08:00"}
{"level":"warn","message":"✘ Script Processing Here ... [gulpfile.js] ","timestamp":"2017-02-06 13:19:39 -08:00"}
{"level":"info","message":"Starting: Mon Feb 06 2017 13:19:55 GMT-0800 (PST)","timestamp":"2017-02-06 13:19:55 -08:00"}
{"level":"warn","message":"✘ Script Processing Here ... [gulpfile.js] ","timestamp":"2017-02-06 13:19:56 -08:00"}
{"level":"info","message":"Starting: Mon Feb 06 2017 13:21:18 GMT-0800 (PST)","timestamp":"2017-02-06 13:21:18 -08:00"}
{"level":"warn","message":"✘ Script Processing Here ... [gulpfile.js] ","timestamp":"2017-02-06 13:21:19 -08:00"}
{"level":"info","message":"Starting: Mon Feb 06 2017 13:21:36 GMT-0800 (PST)","timestamp":"2017-02-06 13:21:36 -08:00"}
{"level":"info","message":"✓ CSS File Created Successfully [app.css] ","timestamp":"2017-02-06 13:21:36 -08:00"}
{"level":"info","message":"Starting: Mon Feb 06 2017 13:22:19 GMT-0800 (PST)","timestamp":"2017-02-06 13:22:19 -08:00"}
{"level":"info","message":"✓ CSS File Created Successfully [app.css] ","timestamp":"2017-02-06 13:22:20 -08:00"}
{"level":"info","message":"Starting: Mon Feb 06 2017 13:22:58 GMT-0800 (PST)","timestamp":"2017-02-06 13:22:58 -08:00"}
{"level":"info","message":"Starting: Mon Feb 06 2017 13:29:29 GMT-0800 (PST)","timestamp":"2017-02-06 13:29:29 -08:00"}
{"level":"info","message":"Starting: Mon Feb 06 2017 13:29:45 GMT-0800 (PST)","timestamp":"2017-02-06 13:29:45 -08:00"}
{"level":"info","message":"Starting: Mon Feb 06 2017 13:30:42 GMT-0800 (PST)","timestamp":"2017-02-06 13:30:42 -08:00"}
{"level":"info","message":"Starting: Mon Feb 06 2017 13:35:25 GMT-0800 (PST)","timestamp":"2017-02-06 13:35:25 -08:00"}
{"level":"info","message":"✓ Style Linting Complete... [app.scss] ","timestamp":"2017-02-06 13:35:30 -08:00"}
{"level":"info","message":"Starting: Mon Feb 06 2017 13:36:37 GMT-0800 (PST)","timestamp":"2017-02-06 13:36:37 -08:00"}
{"level":"info","message":"✓ Style Linting Complete... [app.scss] ","timestamp":"2017-02-06 13:36:41 -08:00"}
{"level":"info","message":"Starting: Mon Feb 06 2017 13:38:24 GMT-0800 (PST)","timestamp":"2017-02-06 13:38:24 -08:00"}
{"level":"info","message":"Starting: Mon Feb 06 2017 13:38:51 GMT-0800 (PST)","timestamp":"2017-02-06 13:38:51 -08:00"}
{"level":"info","message":"Starting: Mon Feb 06 2017 13:40:15 GMT-0800 (PST)","timestamp":"2017-02-06 13:40:15 -08:00"}
{"level":"info","message":"Starting: Mon Feb 06 2017 13:41:03 GMT-0800 (PST)","timestamp":"2017-02-06 13:41:03 -08:00"}
{"level":"info","message":"Starting: Mon Feb 06 2017 13:42:07 GMT-0800 (PST)","timestamp":"2017-02-06 13:42:07 -08:00"}
{"level":"info","message":"Starting: Mon Feb 06 2017 13:43:08 GMT-0800 (PST)","timestamp":"2017-02-06 13:43:08 -08:00"}
{"level":"info","message":"Starting: Mon Feb 06 2017 13:43:50 GMT-0800 (PST)","timestamp":"2017-02-06 13:43:50 -08:00"}
{"level":"info","message":"Starting: Mon Feb 06 2017 13:44:02 GMT-0800 (PST)","timestamp":"2017-02-06 13:44:02 -08:00"}
{"level":"info","message":"Starting: Mon Feb 06 2017 13:44:53 GMT-0800 (PST)","timestamp":"2017-02-06 13:44:53 -08:00"}
{"level":"info","message":"Starting: Mon Feb 06 2017 13:45:08 GMT-0800 (PST)","timestamp":"2017-02-06 13:45:08 -08:00"}
{"level":"info","message":"Starting: Mon Feb 06 2017 13:49:31 GMT-0800 (PST)","timestamp":"2017-02-06 13:49:31 -08:00"}
{"level":"info","message":"Starting: Mon Feb 06 2017 13:51:17 GMT-0800 (PST)","timestamp":"2017-02-06 13:51:17 -08:00"}
{"level":"info","message":"Starting: Mon Feb 06 2017 13:51:43 GMT-0800 (PST)","timestamp":"2017-02-06 13:51:43 -08:00"}
{"level":"info","message":"Starting: Mon Feb 06 2017 13:52:13 GMT-0800 (PST)","timestamp":"2017-02-06 13:52:13 -08:00"}
{"level":"info","message":"Starting: Mon Feb 06 2017 13:52:41 GMT-0800 (PST)","timestamp":"2017-02-06 13:52:41 -08:00"}
{"level":"info","message":"==> Watching Lint Files (./tasks/**/*.js,./src/**/*.js,gulpfile.js,!node_modules/**)","timestamp":"2017-02-06 13:52:41 -08:00"}
{"level":"info","message":"Starting: Mon Feb 06 2017 13:53:19 GMT-0800 (PST)","timestamp":"2017-02-06 13:53:19 -08:00"}
{"level":"info","message":"Starting: Mon Feb 06 2017 13:53:37 GMT-0800 (PST)","timestamp":"2017-02-06 13:53:37 -08:00"}
{"level":"info","message":"Starting: Mon Feb 06 2017 13:54:02 GMT-0800 (PST)","timestamp":"2017-02-06 13:54:02 -08:00"}
{"level":"info","message":"Starting: Mon Feb 06 2017 13:54:36 GMT-0800 (PST)","timestamp":"2017-02-06 13:54:36 -08:00"}
{"level":"info","message":"Starting: Mon Feb 06 2017 13:54:55 GMT-0800 (PST)","timestamp":"2017-02-06 13:54:55 -08:00"}
{"level":"info","message":"Starting: Mon Feb 06 2017 13:55:14 GMT-0800 (PST)","timestamp":"2017-02-06 13:55:14 -08:00"}
{"level":"info","message":"Starting: Mon Feb 06 2017 13:55:56 GMT-0800 (PST)","timestamp":"2017-02-06 13:55:56 -08:00"}
{"level":"info","message":"Starting: Mon Feb 06 2017 13:56:21 GMT-0800 (PST)","timestamp":"2017-02-06 13:56:21 -08:00"}
{"level":"info","message":"Starting: Mon Feb 06 2017 13:56:33 GMT-0800 (PST)","timestamp":"2017-02-06 13:56:33 -08:00"}
{"level":"info","message":"Starting: Mon Feb 06 2017 13:56:43 GMT-0800 (PST)","timestamp":"2017-02-06 13:56:43 -08:00"}
{"level":"info","message":"Starting: Mon Feb 06 2017 13:56:51 GMT-0800 (PST)","timestamp":"2017-02-06 13:56:51 -08:00"}
{"level":"info","message":"Starting: Mon Feb 06 2017 13:57:11 GMT-0800 (PST)","timestamp":"2017-02-06 13:57:11 -08:00"}
{"level":"info","message":"Starting: Mon Feb 06 2017 13:57:21 GMT-0800 (PST)","timestamp":"2017-02-06 13:57:21 -08:00"}
{"level":"info","message":"Starting: Mon Feb 06 2017 13:58:02 GMT-0800 (PST)","timestamp":"2017-02-06 13:58:02 -08:00"}
{"level":"info","message":"Starting: Mon Feb 06 2017 13:58:57 GMT-0800 (PST)","timestamp":"2017-02-06 13:58:57 -08:00"}
{"level":"info","message":"Starting: Mon Feb 06 2017 14:01:15 GMT-0800 (PST)","timestamp":"2017-02-06 14:01:15 -08:00"}
{"level":"info","message":"Starting: Mon Feb 06 2017 14:01:56 GMT-0800 (PST)","timestamp":"2017-02-06 14:01:56 -08:00"}
{"level":"info","message":"Starting: Mon Feb 06 2017 14:03:43 GMT-0800 (PST)","timestamp":"2017-02-06 14:03:43 -08:00"}
{"level":"info","message":"Starting: Mon Feb 06 2017 14:38:28 GMT-0800 (PST)","timestamp":"2017-02-06 14:38:28 -08:00"}
{"level":"info","message":"Starting: Mon Feb 06 2017 14:39:02 GMT-0800 (PST)","timestamp":"2017-02-06 14:39:02 -08:00"}
{"level":"info","message":"==> Watching Lint Files (./resources/assets/sass/**/*.s+(a|c)ss)","timestamp":"2017-02-06 14:39:03 -08:00"}
{"level":"info","message":"Starting: Mon Feb 06 2017 14:40:03 GMT-0800 (PST)","timestamp":"2017-02-06 14:40:03 -08:00"}
{"level":"info","message":"==> Watching Lint Files (./resources/assets/sass/**/*.s+(a|c)ss)","timestamp":"2017-02-06 14:40:04 -08:00"}
{"level":"info","message":"Starting: Mon Feb 06 2017 14:40:11 GMT-0800 (PST)","timestamp":"2017-02-06 14:40:11 -08:00"}
{"level":"info","message":"==> Watching Lint Files (./resources/assets/sass/**/*.s+(a|c)ss)","timestamp":"2017-02-06 14:40:12 -08:00"}
{"level":"info","message":"Starting: Mon Feb 06 2017 14:46:39 GMT-0800 (PST)","timestamp":"2017-02-06 14:46:39 -08:00"}
{"level":"info","message":"==> Watching Script Lint Files (./tasks/**/*.js,./src/**/*.js,gulpfile.js,!node_modules/**)","timestamp":"2017-02-06 14:46:40 -08:00"}
{"level":"info","message":"==> Watching Sass Linting Files (./resources/assets/sass/**/*.s+(a|c)ss)","timestamp":"2017-02-06 14:46:44 -08:00"}
{"level":"info","message":"Starting: Mon Feb 06 2017 14:47:01 GMT-0800 (PST)","timestamp":"2017-02-06 14:47:01 -08:00"}
{"level":"info","message":"==> Watching Script Lint Files (./tasks/**/*.js,./src/**/*.js,gulpfile.js,!node_modules/**)","timestamp":"2017-02-06 14:47:02 -08:00"}
{"level":"info","message":"==> Watching Sass Linting Files (./resources/assets/sass/**/*.s+(a|c)ss)","timestamp":"2017-02-06 14:47:05 -08:00"}
{"level":"info","message":"Starting: Mon Feb 06 2017 14:48:04 GMT-0800 (PST)","timestamp":"2017-02-06 14:48:04 -08:00"}
{"level":"info","message":"==> Watching Script Lint Files (./tasks/**/*.js,./src/**/*.js,gulpfile.js,!node_modules/**)","timestamp":"2017-02-06 14:48:05 -08:00"}
{"level":"info","message":"==> Watching Sass Linting Files (./resources/assets/sass/**/*.s+(a|c)ss)","timestamp":"2017-02-06 14:48:09 -08:00"}
{"level":"info","message":"Starting: Mon Feb 06 2017 14:49:05 GMT-0800 (PST)","timestamp":"2017-02-06 14:49:05 -08:00"}
{"level":"info","message":"==> Watching Script Lint Files (./tasks/**/*.js,./src/**/*.js,gulpfile.js,!node_modules/**)","timestamp":"2017-02-06 14:49:06 -08:00"}
{"level":"info","message":"==> Watching Sass Linting Files (./resources/assets/sass/**/*.s+(a|c)ss)","timestamp":"2017-02-06 14:49:08 -08:00"}
{"level":"info","message":"Starting: Mon Feb 06 2017 14:49:37 GMT-0800 (PST)","timestamp":"2017-02-06 14:49:37 -08:00"}
{"level":"info","message":"==> Watching Script Lint Files (./tasks/**/*.js,./src/**/*.js,gulpfile.js,!node_modules/**)","timestamp":"2017-02-06 14:49:38 -08:00"}
{"level":"info","message":"==> Watching Sass Linting Files (./resources/assets/sass/**/*.s+(a|c)ss)","timestamp":"2017-02-06 14:49:40 -08:00"}
{"level":"info","message":"Starting: Mon Feb 06 2017 14:50:04 GMT-0800 (PST)","timestamp":"2017-02-06 14:50:04 -08:00"}
{"level":"info","message":"==> Watching Script Lint Files (./src/**/*.js,./tasks/**/*.js,./specs/**/*.spec.js)","timestamp":"2017-02-06 14:50:05 -08:00"}
{"level":"info","message":"==> Watching Sass Linting Files (./resources/assets/sass/**/*.s+(a|c)ss)","timestamp":"2017-02-06 14:50:05 -08:00"}
{"level":"info","message":"Starting: Mon Feb 06 2017 14:50:33 GMT-0800 (PST)","timestamp":"2017-02-06 14:50:33 -08:00"}
{"level":"info","message":"==> Watching Script Lint Files (./src/**/*.js,./tasks/**/*.js,./specs/**/*.spec.js)","timestamp":"2017-02-06 14:50:34 -08:00"}
{"level":"info","message":"==> Watching Sass Linting Files (./resources/assets/sass/**/*.s+(a|c)ss)","timestamp":"2017-02-06 14:50:35 -08:00"}
{"level":"info","message":"Starting: Mon Feb 06 2017 14:52:48 GMT-0800 (PST)","timestamp":"2017-02-06 14:52:48 -08:00"}
{"level":"info","message":"==> Watching Script Files (./src/**/*.js,./tasks/**/*.js,./specs/**/*.spec.js)","timestamp":"2017-02-06 14:52:49 -08:00"}
{"level":"info","message":"==> Watching Style Files (./resources/assets/sass/**/*.s+(a|c)ss)","timestamp":"2017-02-06 14:52:49 -08:00"}
{"level":"info","message":"==> Watching Script Lint Files (./src/**/*.js,./tasks/**/*.js,./specs/**/*.spec.js)","timestamp":"2017-02-06 14:52:49 -08:00"}
{"level":"info","message":"==> Watching Sass Linting Files (./resources/assets/sass/**/*.s+(a|c)ss)","timestamp":"2017-02-06 14:52:50 -08:00"}
{"level":"warn","message":"✘ Script Processing Here ... [index.spec.js] ","timestamp":"2017-02-06 14:52:50 -08:00"}
{"level":"info","message":"✓ CSS File Created Successfully [app.css] ","timestamp":"2017-02-06 14:52:50 -08:00"}
{"level":"warn","message":"✘ Script Processing Here ... [index.spec.js] ","timestamp":"2017-02-06 14:53:07 -08:00"}
{"level":"warn","message":"✘ Script Processing Here ... [index.spec.js] ","timestamp":"2017-02-06 14:53:12 -08:00"}
{"level":"info","message":"✓ CSS File Created Successfully [app.css] ","timestamp":"2017-02-06 14:53:24 -08:00"}
{"level":"info","message":"✓ CSS File Created Successfully [app.css] ","timestamp":"2017-02-06 14:53:31 -08:00"}
{"level":"info","message":"✓ CSS File Created Successfully [app.css] ","timestamp":"2017-02-06 14:53:34 -08:00"}
{"level":"info","message":"✓ CSS File Created Successfully [app.css] ","timestamp":"2017-02-06 14:53:44 -08:00"}
{"level":"info","message":"✓ CSS File Created Successfully [app.css] ","timestamp":"2017-02-06 14:53:52 -08:00"}
{"level":"info","message":"✓ CSS File Created Successfully [app.css] ","timestamp":"2017-02-06 14:53:53 -08:00"}
{"level":"info","message":"✓ CSS File Created Successfully [app.css] ","timestamp":"2017-02-06 14:53:59 -08:00"}
{"level":"info","message":"Starting: Mon Feb 06 2017 14:54:23 GMT-0800 (PST)","timestamp":"2017-02-06 14:54:23 -08:00"}
{"level":"info","message":"==> Watching Sass Linting Files (./resources/assets/sass/**/*.s+(a|c)ss)","timestamp":"2017-02-06 14:54:24 -08:00"}
{"level":"info","message":"Starting: Mon Feb 06 2017 14:56:17 GMT-0800 (PST)","timestamp":"2017-02-06 14:56:17 -08:00"}
{"level":"info","message":"==> Watching Style Files (./resources/assets/sass/**/*.s+(a|c)ss)","timestamp":"2017-02-06 14:56:18 -08:00"}
{"level":"info","message":"✓ CSS File Created Successfully [app.css] ","timestamp":"2017-02-06 14:56:18 -08:00"}
{"level":"info","message":"Starting: Mon Feb 06 2017 14:56:49 GMT-0800 (PST)","timestamp":"2017-02-06 14:56:49 -08:00"}
{"level":"info","message":"==> Watching Script Files (./src/**/*.js,./tasks/**/*.js,./specs/**/*.spec.js)","timestamp":"2017-02-06 14:56:50 -08:00"}
{"level":"info","message":"==> Watching Style Files (./resources/assets/sass/**/*.s+(a|c)ss)","timestamp":"2017-02-06 14:56:50 -08:00"}
{"level":"info","message":"==> Watching Script Lint Files (./src/**/*.js,./tasks/**/*.js,./specs/**/*.spec.js)","timestamp":"2017-02-06 14:56:50 -08:00"}
{"level":"info","message":"==> Watching Sass Linting Files (./resources/assets/sass/**/*.s+(a|c)ss)","timestamp":"2017-02-06 14:56:50 -08:00"}
{"level":"warn","message":"✘ Script Processing Here ... [index.spec.js] ","timestamp":"2017-02-06 14:56:50 -08:00"}
{"level":"info","message":"✓ CSS File Created Successfully [app.css] ","timestamp":"2017-02-06 14:56:50 -08:00"}
{"level":"info","message":"✓ CSS File Created Successfully [app.css] ","timestamp":"2017-02-06 14:57:13 -08:00"}
{"level":"info","message":"✓ CSS File Created Successfully [app.css] ","timestamp":"2017-02-06 14:57:43 -08:00"}
{"level":"info","message":"✓ CSS File Created Successfully [app.css] ","timestamp":"2017-02-06 14:58:51 -08:00"}
{"level":"info","message":"✓ CSS File Created Successfully [app.css] ","timestamp":"2017-02-06 14:59:05 -08:00"}
{"level":"info","message":"Starting: Mon Feb 06 2017 14:59:43 GMT-0800 (PST)","timestamp":"2017-02-06 14:59:43 -08:00"}
{"level":"info","message":"==> Watching Script Files (./src/**/*.js,./tasks/**/*.js,./specs/**/*.spec.js)","timestamp":"2017-02-06 14:59:44 -08:00"}
{"level":"info","message":"==> Watching Style Files (./resources/assets/sass/**/*.s+(a|c)ss)","timestamp":"2017-02-06 14:59:44 -08:00"}
{"level":"info","message":"==> Watching Script Lint Files (./src/**/*.js,./tasks/**/*.js,./specs/**/*.spec.js)","timestamp":"2017-02-06 14:59:44 -08:00"}
{"level":"info","message":"==> Watching Sass Linting Files (./resources/assets/sass/**/*.s+(a|c)ss)","timestamp":"2017-02-06 14:59:44 -08:00"}
{"level":"warn","message":"✘ Script Processing Here ... [index.spec.js] ","timestamp":"2017-02-06 14:59:44 -08:00"}
{"level":"info","message":"✓ CSS File Created Successfully [app.css] ","timestamp":"2017-02-06 14:59:44 -08:00"}
{"level":"info","message":"✓ CSS File Created Successfully [app.css] ","timestamp":"2017-02-06 14:59:53 -08:00"}
{"level":"info","message":"✓ CSS File Created Successfully [app.css] ","timestamp":"2017-02-06 14:59:55 -08:00"}
{"level":"info","message":"✓ CSS File Created Successfully [app.css] ","timestamp":"2017-02-06 15:00:22 -08:00"}
{"level":"info","message":"Starting: Mon Feb 06 2017 15:00:43 GMT-0800 (PST)","timestamp":"2017-02-06 15:00:43 -08:00"}
{"level":"info","message":"==> Watching Script Files (./src/**/*.js,./tasks/**/*.js,./specs/**/*.spec.js)","timestamp":"2017-02-06 15:00:44 -08:00"}
{"level":"info","message":"==> Watching Style Files (./resources/assets/sass/**/*.s+(a|c)ss)","timestamp":"2017-02-06 15:00:44 -08:00"}
{"level":"info","message":"==> Watching Script Lint Files (./src/**/*.js,./tasks/**/*.js,./specs/**/*.spec.js)","timestamp":"2017-02-06 15:00:45 -08:00"}
{"level":"info","message":"==> Watching Sass Linting Files (./resources/assets/sass/**/*.s+(a|c)ss)","timestamp":"2017-02-06 15:00:45 -08:00"}
{"level":"warn","message":"✘ Script Processing Here ... [index.spec.js] ","timestamp":"2017-02-06 15:00:45 -08:00"}
{"level":"info","message":"✓ CSS File Created Successfully [app.css] ","timestamp":"2017-02-06 15:00:45 -08:00"}
{"level":"info","message":"✓ CSS File Created Successfully [app.css] ","timestamp":"2017-02-06 15:01:09 -08:00"}
{"level":"info","message":"✓ CSS File Created Successfully [app.css] ","timestamp":"2017-02-06 15:01:27 -08:00"}
{"level":"info","message":"✓ CSS File Created Successfully [app.css] ","timestamp":"2017-02-06 15:01:38 -08:00"}
{"level":"info","message":"✓ CSS File Created Successfully [app.css] ","timestamp":"2017-02-06 15:01:45 -08:00"}
{"level":"info","message":"Starting: Mon Feb 06 2017 15:08:26 GMT-0800 (PST)","timestamp":"2017-02-06 15:08:26 -08:00"}
{"level":"info","message":"Starting: Mon Feb 06 2017 15:09:43 GMT-0800 (PST)","timestamp":"2017-02-06 15:09:43 -08:00"}
{"level":"info","message":"Starting: Mon Feb 06 2017 15:11:28 GMT-0800 (PST)","timestamp":"2017-02-06 15:11:28 -08:00"}
{"level":"info","message":"Starting: Mon Feb 06 2017 15:11:59 GMT-0800 (PST)","timestamp":"2017-02-06 15:11:59 -08:00"}
{"level":"info","message":"Starting: Mon Feb 06 2017 15:12:25 GMT-0800 (PST)","timestamp":"2017-02-06 15:12:25 -08:00"}
{"level":"info","message":"Starting: Mon Feb 06 2017 15:13:38 GMT-0800 (PST)","timestamp":"2017-02-06 15:13:38 -08:00"}
{"level":"info","message":"Starting: Mon Feb 06 2017 15:21:15 GMT-0800 (PST)","timestamp":"2017-02-06 15:21:15 -08:00"}
{"level":"warn","message":"✘ Script Processing Here ... [index.spec.js] ","timestamp":"2017-02-06 15:21:16 -08:00"}
{"level":"info","message":"Starting: Mon Feb 06 2017 15:23:31 GMT-0800 (PST)","timestamp":"2017-02-06 15:23:31 -08:00"}
{"level":"info","message":"Starting: Mon Feb 06 2017 15:23:46 GMT-0800 (PST)","timestamp":"2017-02-06 15:23:46 -08:00"}
{"level":"info","message":"Starting: Mon Feb 06 2017 15:24:44 GMT-0800 (PST)","timestamp":"2017-02-06 15:24:44 -08:00"}
{"level":"info","message":"Starting: Mon Feb 06 2017 15:26:50 GMT-0800 (PST)","timestamp":"2017-02-06 15:26:50 -08:00"}
{"level":"info","message":"Starting: Mon Feb 06 2017 15:28:19 GMT-0800 (PST)","timestamp":"2017-02-06 15:28:19 -08:00"}
{"level":"info","message":"Starting: Mon Feb 06 2017 15:29:00 GMT-0800 (PST)","timestamp":"2017-02-06 15:29:00 -08:00"}
{"level":"info","message":"Starting: Mon Feb 06 2017 15:29:24 GMT-0800 (PST)","timestamp":"2017-02-06 15:29:24 -08:00"}
{"level":"info","message":"Starting: Mon Feb 06 2017 15:31:37 GMT-0800 (PST)","timestamp":"2017-02-06 15:31:37 -08:00"}
{"level":"info","message":"Starting: Mon Feb 06 2017 15:31:55 GMT-0800 (PST)","timestamp":"2017-02-06 15:31:55 -08:00"}
{"level":"info","message":"Starting: Mon Feb 06 2017 15:32:57 GMT-0800 (PST)","timestamp":"2017-02-06 15:32:57 -08:00"}
{"level":"info","message":"Starting: Mon Feb 06 2017 15:33:20 GMT-0800 (PST)","timestamp":"2017-02-06 15:33:20 -08:00"}
{"level":"info","message":"Starting: Mon Feb 06 2017 15:33:49 GMT-0800 (PST)","timestamp":"2017-02-06 15:33:49 -08:00"}
{"level":"info","message":"Starting: Mon Feb 06 2017 15:34:18 GMT-0800 (PST)","timestamp":"2017-02-06 15:34:18 -08:00"}
{"level":"info","message":"==> Watching Script Files (./src/**/*.js,./tasks/**/*.js,./specs/**/*.spec.js)","timestamp":"2017-02-06 15:34:21 -08:00"}
{"level":"info","message":"Starting: Mon Feb 06 2017 15:35:41 GMT-0800 (PST)","timestamp":"2017-02-06 15:35:41 -08:00"}
{"level":"info","message":"==> Watching Script Files (./src/**/*.js,./tasks/**/*.js,./specs/**/*.spec.js)","timestamp":"2017-02-06 15:35:42 -08:00"}
{"level":"info","message":"✓ Bundle Created Successfully [bundle.js] ","timestamp":"2017-02-06 15:35:43 -08:00"}
{"level":"info","message":"✓ Bundle Created Successfully [bundle.js] ","timestamp":"2017-02-06 15:35:52 -08:00"}
{"level":"info","message":"Starting: Mon Feb 06 2017 15:35:55 GMT-0800 (PST)","timestamp":"2017-02-06 15:35:55 -08:00"}
{"level":"info","message":"==> Watching Script Files (./src/**/*.js,./tasks/**/*.js,./specs/**/*.spec.js)","timestamp":"2017-02-06 15:35:57 -08:00"}
{"level":"info","message":"✓ Bundle Created Successfully [bundle.js] ","timestamp":"2017-02-06 15:35:57 -08:00"}
{"level":"info","message":"✓ Bundle Created Successfully [bundle.js] ","timestamp":"2017-02-06 15:36:31 -08:00"}
{"level":"info","message":"✓ Bundle Created Successfully [bundle.js] ","timestamp":"2017-02-06 15:36:49 -08:00"}
{"level":"info","message":"✓ Bundle Created Successfully [bundle.js] ","timestamp":"2017-02-06 15:37:00 -08:00"}
{"level":"info","message":"Starting: Mon Feb 06 2017 15:37:19 GMT-0800 (PST)","timestamp":"2017-02-06 15:37:19 -08:00"}
{"level":"info","message":"==> Watching Script Files (./src/**/*.js,./tasks/**/*.js,./specs/**/*.spec.js)","timestamp":"2017-02-06 15:37:21 -08:00"}
{"level":"info","message":"✓ Bundle Created Successfully [bundle.js] ","timestamp":"2017-02-06 15:37:21 -08:00"}
{"level":"info","message":"✓ Bundle Created Successfully [bundle.js] ","timestamp":"2017-02-06 15:38:39 -08:00"}
{"level":"info","message":"Starting: Mon Feb 06 2017 15:38:45 GMT-0800 (PST)","timestamp":"2017-02-06 15:38:45 -08:00"}
{"level":"info","message":"==> Watching Script Files (./src/**/*.js,./tasks/**/*.js,./specs/**/*.spec.js)","timestamp":"2017-02-06 15:38:46 -08:00"}
{"level":"info","message":"✓ Bundle Created Successfully [bundle.js] ","timestamp":"2017-02-06 15:38:47 -08:00"}
{"level":"info","message":"✓ Bundle Created Successfully [bundle.js] ","timestamp":"2017-02-06 15:39:06 -08:00"}
{"level":"info","message":"✓ Bundle Created Successfully [bundle.js] ","timestamp":"2017-02-06 15:39:30 -08:00"}
{"level":"info","message":"Starting: Mon Feb 06 2017 15:39:33 GMT-0800 (PST)","timestamp":"2017-02-06 15:39:33 -08:00"}
{"level":"info","message":"==> Watching Script Files (./src/**/*.js,./tasks/**/*.js,./specs/**/*.spec.js)","timestamp":"2017-02-06 15:39:35 -08:00"}
{"level":"info","message":"✓ Bundle Created Successfully [bundle.js] ","timestamp":"2017-02-06 15:39:35 -08:00"}
{"level":"info","message":"Starting: Mon Feb 06 2017 15:39:47 GMT-0800 (PST)","timestamp":"2017-02-06 15:39:47 -08:00"}
{"level":"info","message":"==> Watching Script Files (./src/**/*.js,./tasks/**/*.js,./specs/**/*.spec.js)","timestamp":"2017-02-06 15:39:49 -08:00"}
{"level":"info","message":"✓ Bundle Created Successfully [bundle.js] ","timestamp":"2017-02-06 15:39:49 -08:00"}
{"level":"info","message":"Starting: Mon Feb 06 2017 15:40:20 GMT-0800 (PST)","timestamp":"2017-02-06 15:40:20 -08:00"}
{"level":"info","message":"==> Watching Script Files (./src/**/*.js,./tasks/**/*.js,./specs/**/*.spec.js)","timestamp":"2017-02-06 15:40:22 -08:00"}
{"level":"info","message":"✓ Bundle Created Successfully [bundle.js] ","timestamp":"2017-02-06 15:40:22 -08:00"}
{"level":"info","message":"✓ Bundle Created Successfully [bundle.js] ","timestamp":"2017-02-06 15:40:31 -08:00"}
{"level":"info","message":"Starting: Mon Feb 06 2017 15:40:34 GMT-0800 (PST)","timestamp":"2017-02-06 15:40:34 -08:00"}
{"level":"info","message":"==> Watching Script Files (./src/**/*.js,./tasks/**/*.js,./specs/**/*.spec.js)","timestamp":"2017-02-06 15:40:36 -08:00"}
{"level":"info","message":"✓ Bundle Created Successfully [bundle.js] ","timestamp":"2017-02-06 15:40:37 -08:00"}
{"level":"info","message":"✓ Bundle Created Successfully [bundle.js] ","timestamp":"2017-02-06 15:41:14 -08:00"}
{"level":"info","message":"Starting: Mon Feb 06 2017 15:41:17 GMT-0800 (PST)","timestamp":"2017-02-06 15:41:17 -08:00"}
{"level":"info","message":"==> Watching Script Files (./src/**/*.js,./tasks/**/*.js,./specs/**/*.spec.js)","timestamp":"2017-02-06 15:41:19 -08:00"}
{"level":"info","message":"✓ Bundle Created Successfully [bundle.js] ","timestamp":"2017-02-06 15:41:19 -08:00"}
{"level":"info","message":"✓ Bundle Created Successfully [bundle.js] ","timestamp":"2017-02-06 15:41:39 -08:00"}
{"level":"info","message":"Starting: Mon Feb 06 2017 15:41:57 GMT-0800 (PST)","timestamp":"2017-02-06 15:41:57 -08:00"}
{"level":"info","message":"==> Watching Script Files (./src/**/*.js,./tasks/**/*.js,./specs/**/*.spec.js)","timestamp":"2017-02-06 15:41:59 -08:00"}
{"level":"info","message":"✓ Bundle Created Successfully [bundle.js] ","timestamp":"2017-02-06 15:41:59 -08:00"}
{"level":"info","message":"✓ Bundle Created Successfully [bundle.js] ","timestamp":"2017-02-06 15:42:21 -08:00"}
{"level":"info","message":"✓ Bundle Created Successfully [bundle.js] ","timestamp":"2017-02-06 15:42:33 -08:00"}
{"level":"info","message":"✓ Bundle Created Successfully [bundle.js] ","timestamp":"2017-02-06 15:42:59 -08:00"}
{"level":"info","message":"✓ Bundle Created Successfully [bundle.js] ","timestamp":"2017-02-06 15:43:05 -08:00"}
{"level":"info","message":"✓ Bundle Created Successfully [bundle.js] ","timestamp":"2017-02-06 15:43:14 -08:00"}
{"level":"info","message":"Starting: Mon Feb 06 2017 15:43:18 GMT-0800 (PST)","timestamp":"2017-02-06 15:43:18 -08:00"}
{"level":"info","message":"==> Watching Script Files (./src/**/*.js,./tasks/**/*.js,./specs/**/*.spec.js)","timestamp":"2017-02-06 15:43:20 -08:00"}
{"level":"info","message":"✓ Bundle Created Successfully [bundle.js] ","timestamp":"2017-02-06 15:43:21 -08:00"}
{"level":"info","message":"✓ Bundle Created Successfully [bundle.js] ","timestamp":"2017-02-06 15:44:40 -08:00"}
{"level":"info","message":"Starting: Mon Feb 06 2017 15:45:31 GMT-0800 (PST)","timestamp":"2017-02-06 15:45:31 -08:00"}
{"level":"info","message":"==> Watching Script Files (./src/**/*.js,./tasks/**/*.js,./specs/**/*.spec.js)","timestamp":"2017-02-06 15:45:33 -08:00"}
{"level":"info","message":"✓ Bundle Created Successfully [bundle.js] ","timestamp":"2017-02-06 15:45:34 -08:00"}
{"level":"info","message":"✓ Bundle Created Successfully [bundle.js] ","timestamp":"2017-02-06 15:46:19 -08:00"}
{"level":"info","message":"✓ Bundle Created Successfully [bundle.js] ","timestamp":"2017-02-06 15:46:19 -08:00"}
{"level":"info","message":"✓ Bundle Created Successfully [bundle.js] ","timestamp":"2017-02-06 15:46:32 -08:00"}
{"level":"info","message":"✓ Bundle Created Successfully [bundle.js] ","timestamp":"2017-02-06 15:47:21 -08:00"}
{"level":"info","message":"✓ Bundle Created Successfully [bundle.js] ","timestamp":"2017-02-06 15:47:26 -08:00"}
{"level":"info","message":"✓ Bundle Created Successfully [bundle.js] ","timestamp":"2017-02-06 15:48:10 -08:00"}
{"level":"info","message":"Starting: Mon Feb 06 2017 16:09:05 GMT-0800 (PST)","timestamp":"2017-02-06 16:09:05 -08:00"}
{"level":"info","message":"==> Watching Style Files (./resources/assets/sass/**/*.s+(a|c)ss)","timestamp":"2017-02-06 16:09:08 -08:00"}
{"level":"info","message":"✓ CSS File Created Successfully [app.css] ","timestamp":"2017-02-06 16:09:08 -08:00"}
{"level":"info","message":"✓ CSS File Created Successfully [app.css] ","timestamp":"2017-02-06 16:09:28 -08:00"}
{"level":"info","message":"✓ CSS File Created Successfully [app.css] ","timestamp":"2017-02-06 16:09:32 -08:00"}
{"level":"info","message":"✓ CSS File Created Successfully [app.css] ","timestamp":"2017-02-06 16:09:40 -08:00"}
{"level":"info","message":"✓ CSS File Created Successfully [undefined] ","timestamp":"2017-02-06 16:10:41 -08:00"}
{"level":"info","message":"✓ CSS File Created Successfully [app.css] ","timestamp":"2017-02-06 16:10:46 -08:00"}
{"level":"info","message":"Starting: Mon Feb 06 2017 16:21:46 GMT-0800 (PST)","timestamp":"2017-02-06 16:21:46 -08:00"}
{"level":"info","message":"✓ CSS File Created Successfully [app.css] ","timestamp":"2017-02-06 16:21:48 -08:00"}
{"level":"info","message":"Starting: Mon Feb 06 2017 16:22:41 GMT-0800 (PST)","timestamp":"2017-02-06 16:22:41 -08:00"}
{"level":"info","message":"==> Watching Style Files (./resources/assets/sass/**/*.s+(a|c)ss)","timestamp":"2017-02-06 16:22:43 -08:00"}
{"level":"info","message":"✓ CSS File Created Successfully [app.css] ","timestamp":"2017-02-06 16:22:44 -08:00"}
{"level":"info","message":"Starting: Mon Feb 06 2017 16:23:06 GMT-0800 (PST)","timestamp":"2017-02-06 16:23:06 -08:00"}
{"level":"info","message":"==> Watching Style Files (./resources/assets/sass/**/*.s+(a|c)ss)","timestamp":"2017-02-06 16:23:08 -08:00"}
{"level":"info","message":"✓ CSS File Created Successfully [app.css] ","timestamp":"2017-02-06 16:23:08 -08:00"}
{"level":"info","message":"✓ CSS File Created Successfully [app.css] ","timestamp":"2017-02-06 16:23:18 -08:00"}
{"level":"info","message":"✓ CSS File Created Successfully [app.css] ","timestamp":"2017-02-06 16:23:30 -08:00"}
{"level":"info","message":"✓ CSS File Created Successfully [app.css] ","timestamp":"2017-02-06 16:23:55 -08:00"}
{"level":"info","message":"✓ CSS File Created Successfully [app.css] ","timestamp":"2017-02-06 16:24:03 -08:00"}
{"level":"info","message":"Starting: Mon Feb 06 2017 16:25:00 GMT-0800 (PST)","timestamp":"2017-02-06 16:25:00 -08:00"}
{"level":"info","message":"==> Watching Style Files (./resources/assets/sass/**/*.s+(a|c)ss)","timestamp":"2017-02-06 16:25:02 -08:00"}
{"level":"info","message":"✓ CSS File Created Successfully [app.css] ","timestamp":"2017-02-06 16:25:03 -08:00"}
{"level":"info","message":"Starting: Mon Feb 06 2017 16:28:06 GMT-0800 (PST)","timestamp":"2017-02-06 16:28:06 -08:00"}
{"level":"info","message":"==> Watching Style Files (./resources/assets/sass/**/*.s+(a|c)ss)","timestamp":"2017-02-06 16:28:08 -08:00"}
{"level":"info","message":"✓ CSS File Created Successfully [app.css] ","timestamp":"2017-02-06 16:28:08 -08:00"}
{"level":"info","message":"Starting: Mon Feb 06 2017 16:51:36 GMT-0800 (PST)","timestamp":"2017-02-06 16:51:36 -08:00"}
{"level":"info","message":"==> Watching Style Files (./resources/assets/sass/**/*.s+(a|c)ss)","timestamp":"2017-02-06 16:51:38 -08:00"}
{"level":"info","message":"✓ CSS File Created Successfully [app.css] ","timestamp":"2017-02-06 16:51:39 -08:00"}
{"level":"info","message":"Starting: Mon Feb 06 2017 16:55:18 GMT-0800 (PST)","timestamp":"2017-02-06 16:55:18 -08:00"}
{"level":"info","message":"==> Watching Style Files (./resources/assets/sass/**/*.s+(a|c)ss)","timestamp":"2017-02-06 16:55:19 -08:00"}
{"level":"info","message":"✓ CSS File Created Successfully [app.css] ","timestamp":"2017-02-06 16:55:20 -08:00"}
{"level":"info","message":"Starting: Mon Feb 06 2017 17:02:47 GMT-0800 (PST)","timestamp":"2017-02-06 17:02:47 -08:00"}
{"level":"info","message":"==> Watching Server API Files (./**/*.php)","timestamp":"2017-02-06 17:02:49 -08:00"}
{"level":"info","message":"Starting: Mon Feb 06 2017 17:08:36 GMT-0800 (PST)","timestamp":"2017-02-06 17:08:37 -08:00"}
{"level":"info","message":"==> Watching Server API Files (./**/*.php)","timestamp":"2017-02-06 17:08:39 -08:00"}
{"level":"info","message":"Starting: Mon Feb 06 2017 17:09:29 GMT-0800 (PST)","timestamp":"2017-02-06 17:09:29 -08:00"}
{"level":"info","message":"==> Watching Server API Files (./**/*.php)","timestamp":"2017-02-06 17:09:31 -08:00"}
{"level":"info","message":"Starting: Mon Feb 06 2017 17:11:02 GMT-0800 (PST)","timestamp":"2017-02-06 17:11:02 -08:00"}
{"level":"info","message":"==> Watching Server API Files (./**/*.php)","timestamp":"2017-02-06 17:11:04 -08:00"}
{"level":"info","message":"Starting: Mon Feb 06 2017 17:13:54 GMT-0800 (PST)","timestamp":"2017-02-06 17:13:54 -08:00"}
{"level":"info","message":"Starting: Mon Feb 06 2017 17:14:32 GMT-0800 (PST)","timestamp":"2017-02-06 17:14:32 -08:00"}
{"level":"info","message":"Starting: Mon Feb 06 2017 17:15:12 GMT-0800 (PST)","timestamp":"2017-02-06 17:15:12 -08:00"}
{"level":"info","message":"Starting: Mon Feb 06 2017 17:16:16 GMT-0800 (PST)","timestamp":"2017-02-06 17:16:16 -08:00"}
{"level":"info","message":"Starting: Mon Feb 06 2017 17:16:54 GMT-0800 (PST)","timestamp":"2017-02-06 17:16:54 -08:00"}
{"level":"info","message":"Starting: Mon Feb 06 2017 17:17:42 GMT-0800 (PST)","timestamp":"2017-02-06 17:17:42 -08:00"}
{"level":"info","message":"Starting: Mon Feb 06 2017 17:18:00 GMT-0800 (PST)","timestamp":"2017-02-06 17:18:00 -08:00"}
{"level":"info","message":"Starting: Mon Feb 06 2017 17:18:17 GMT-0800 (PST)","timestamp":"2017-02-06 17:18:17 -08:00"}
{"level":"info","message":"==> Watching Server API Files (./**/*.php)","timestamp":"2017-02-06 17:18:18 -08:00"}
{"level":"info","message":"Starting: Mon Feb 06 2017 17:18:48 GMT-0800 (PST)","timestamp":"2017-02-06 17:18:48 -08:00"}
{"level":"info","message":"==> Watching Server API Files (./**/*.php)","timestamp":"2017-02-06 17:18:49 -08:00"}
{"level":"info","message":"Starting: Mon Feb 06 2017 17:19:42 GMT-0800 (PST)","timestamp":"2017-02-06 17:19:42 -08:00"}
{"level":"info","message":"==> Watching Server API Files (./**/*.php)","timestamp":"2017-02-06 17:19:44 -08:00"}
